[0.000000] (-) TimerEvent: {}
[0.001454] (py_pysub) JobQueued: {'identifier': 'py_pysub', 'dependencies': OrderedDict()}
[0.002705] (py_pysub) JobStarted: {'identifier': 'py_pysub'}
[0.098590] (-) TimerEvent: {}
[0.199648] (-) TimerEvent: {}
[0.300558] (-) TimerEvent: {}
[0.401468] (-) TimerEvent: {}
[0.502392] (-) TimerEvent: {}
[0.603283] (-) TimerEvent: {}
[0.704110] (-) TimerEvent: {}
[0.805024] (-) TimerEvent: {}
[0.905891] (-) TimerEvent: {}
[1.006923] (-) TimerEvent: {}
[1.108165] (-) TimerEvent: {}
[1.118746] (py_pysub) Command: {'cmd': ['/usr/bin/python3', 'setup.py', 'egg_info', '--egg-base', 'build/py_pysub', 'build', '--build-base', '/home/navq/ros2src/py_pysub/build/py_pysub/build', 'install', '--prefix', '/home/navq/ros2src/py_pysub/install/py_pysub', '--record', '/home/navq/ros2src/py_pysub/build/py_pysub/install.log', '--single-version-externally-managed'], 'cwd': '/home/navq/ros2src/py_pysub', 'env': {'USER': 'navq', 'SSH_CLIENT': '192.168.0.212 57788 22', 'XDG_SESSION_TYPE': 'tty', 'SHLVL': '1', 'LD_LIBRARY_PATH': '/home/navq/px4_ros_com_ros2/install/px4_ros_com/lib:/home/navq/px4_ros_com_ros2/install/px4_msgs/lib:/opt/ros/foxy/opt/yaml_cpp_vendor/lib:/opt/ros/foxy/lib/aarch64-linux-gnu:/opt/ros/foxy/lib', 'MOTD_SHOWN': 'pam', 'HOME': '/home/navq', 'OLDPWD': '/home/navq/ros2src/py_pysub/py_pysub', 'SSH_TTY': '/dev/pts/0', 'ROS_PYTHON_VERSION': '3', 'DBUS_SESSION_BUS_ADDRESS': 'unix:path=/run/user/1000/bus', 'COLCON_PREFIX_PATH': '/home/navq/ros2src/py_pysub/install:/home/navq/px4_ros_com_ros2/install', 'ROS_DISTRO': 'foxy', 'LOGNAME': 'navq', '_': '/usr/bin/colcon', 'ROS_VERSION': '2', 'XDG_SESSION_CLASS': 'user', 'TERM': 'xterm-256color', 'XDG_SESSION_ID': '3', 'ROS_LOCALHOST_ONLY': '0', 'PATH': '/home/navq/px4_ros_com_ros2/install/px4_ros_com/bin:/opt/ros/foxy/bin:/usr/local/sbin:/usr/local/bin:/usr/sbin:/usr/bin:/sbin:/bin:/usr/games:/usr/local/games', 'XDG_RUNTIME_DIR': '/run/user/1000', 'LANG': 'C.UTF-8', 'AMENT_PREFIX_PATH': '/home/navq/ros2src/py_pysub/install/py_pysub:/home/navq/px4_ros_com_ros2/install/px4_ros_com:/home/navq/px4_ros_com_ros2/install/px4_msgs:/opt/ros/foxy', 'SHELL': '/bin/bash', 'PWD': '/home/navq/ros2src/py_pysub/build/py_pysub', 'SSH_CONNECTION': '192.168.0.212 57788 192.168.0.90 22', 'PYTHONPATH': '/home/navq/ros2src/py_pysub/install/py_pysub/lib/python3.8/site-packages:/home/navq/ros2src/py_pysub/install/py_pysub/lib/python3.8/site-packages:/home/navq/px4_ros_com_ros2/install/px4_msgs/lib/python3.8/site-packages:/opt/ros/foxy/lib/python3.8/site-packages', 'COLCON': '1', 'CMAKE_PREFIX_PATH': '/home/navq/px4_ros_com_ros2/install/px4_ros_com:/home/navq/px4_ros_com_ros2/install/px4_msgs'}, 'shell': False}
[1.208367] (-) TimerEvent: {}
[1.309473] (-) TimerEvent: {}
[1.410341] (-) TimerEvent: {}
[1.511258] (-) TimerEvent: {}
[1.612125] (-) TimerEvent: {}
[1.712965] (-) TimerEvent: {}
[1.813850] (-) TimerEvent: {}
[1.914717] (-) TimerEvent: {}
[2.015586] (-) TimerEvent: {}
[2.076422] (py_pysub) StdoutLine: {'line': b'running egg_info\n'}
[2.079877] (py_pysub) StdoutLine: {'line': b'writing build/py_pysub/py_pysub.egg-info/PKG-INFO\n'}
[2.081299] (py_pysub) StdoutLine: {'line': b'writing dependency_links to build/py_pysub/py_pysub.egg-info/dependency_links.txt\n'}
[2.082374] (py_pysub) StdoutLine: {'line': b'writing entry points to build/py_pysub/py_pysub.egg-info/entry_points.txt\n'}
[2.083433] (py_pysub) StdoutLine: {'line': b'writing requirements to build/py_pysub/py_pysub.egg-info/requires.txt\n'}
[2.084330] (py_pysub) StdoutLine: {'line': b'writing top-level names to build/py_pysub/py_pysub.egg-info/top_level.txt\n'}
[2.115802] (-) TimerEvent: {}
[2.216694] (-) TimerEvent: {}
[2.286789] (py_pysub) StdoutLine: {'line': b"reading manifest file 'build/py_pysub/py_pysub.egg-info/SOURCES.txt'\n"}
[2.291509] (py_pysub) StdoutLine: {'line': b"writing manifest file 'build/py_pysub/py_pysub.egg-info/SOURCES.txt'\n"}
[2.292538] (py_pysub) StdoutLine: {'line': b'running build\n'}
[2.293209] (py_pysub) StdoutLine: {'line': b'running build_py\n'}
[2.294092] (py_pysub) StdoutLine: {'line': b'copying py_pysub/publisher_member_function.py -> /home/navq/ros2src/py_pysub/build/py_pysub/build/lib/py_pysub\n'}
[2.295075] (py_pysub) StdoutLine: {'line': b'running install\n'}
[2.299118] (py_pysub) StdoutLine: {'line': b'running install_lib\n'}
[2.304296] (py_pysub) StdoutLine: {'line': b'copying /home/navq/ros2src/py_pysub/build/py_pysub/build/lib/py_pysub/publisher_member_function.py -> /home/navq/ros2src/py_pysub/install/py_pysub/lib/python3.8/site-packages/py_pysub\n'}
[2.307251] (py_pysub) StdoutLine: {'line': b'byte-compiling /home/navq/ros2src/py_pysub/install/py_pysub/lib/python3.8/site-packages/py_pysub/publisher_member_function.py to publisher_member_function.cpython-38.pyc\n'}
[2.315606] (py_pysub) StdoutLine: {'line': b'running install_data\n'}
[2.316826] (-) TimerEvent: {}
[2.318088] (py_pysub) StdoutLine: {'line': b'running install_egg_info\n'}
[2.326029] (py_pysub) StdoutLine: {'line': b"removing '/home/navq/ros2src/py_pysub/install/py_pysub/lib/python3.8/site-packages/py_pysub-0.0.0-py3.8.egg-info' (and everything under it)\n"}
[2.327562] (py_pysub) StdoutLine: {'line': b'Copying build/py_pysub/py_pysub.egg-info to /home/navq/ros2src/py_pysub/install/py_pysub/lib/python3.8/site-packages/py_pysub-0.0.0-py3.8.egg-info\n'}
[2.332167] (py_pysub) StdoutLine: {'line': b'running install_scripts\n'}
[2.417020] (-) TimerEvent: {}
[2.425965] (py_pysub) StdoutLine: {'line': b'Installing talker script to /home/navq/ros2src/py_pysub/install/py_pysub/lib/py_pysub\n'}
[2.427987] (py_pysub) StdoutLine: {'line': b"writing list of installed files to '/home/navq/ros2src/py_pysub/build/py_pysub/install.log'\n"}
[2.517304] (-) TimerEvent: {}
[2.584489] (py_pysub) CommandEnded: {'returncode': 0}
[2.617821] (-) TimerEvent: {}
[2.649239] (py_pysub) JobEnded: {'identifier': 'py_pysub', 'rc': 0}
[2.653734] (-) EventReactorShutdown: {}
