[1.032s] DEBUG:colcon:Command line arguments: ['/usr/bin/colcon', 'build']
[1.032s] DEBUG:colcon:Parsed command line arguments: Namespace(ament_cmake_args=None, base_paths=['.'], build_base='build', catkin_cmake_args=None, catkin_skip_building_tests=False, cmake_args=None, cmake_clean_cache=False, cmake_clean_first=False, cmake_force_configure=False, cmake_target=None, cmake_target_skip_unavailable=False, continue_on_error=False, event_handlers=None, executor='parallel', ignore_user_meta=False, install_base='install', log_base=None, log_level=None, main=<bound method BuildVerb.main of <colcon_core.verb.build.BuildVerb object at 0xffff8cbe7100>>, merge_install=False, metas=['./colcon.meta'], packages_above=None, packages_above_and_dependencies=None, packages_above_depth=None, packages_end=None, packages_ignore=None, packages_ignore_regex=None, packages_select=None, packages_select_build_failed=False, packages_select_by_dep=None, packages_select_regex=None, packages_select_test_failures=False, packages_skip=None, packages_skip_build_finished=False, packages_skip_by_dep=None, packages_skip_regex=None, packages_skip_test_passed=False, packages_skip_up_to=None, packages_start=None, packages_up_to=None, packages_up_to_regex=None, parallel_workers=4, paths=None, symlink_install=False, test_result_base=None, verb_extension=<colcon_core.verb.build.BuildVerb object at 0xffff8cbe7100>, verb_name='build', verb_parser=<colcon_defaults.argument_parser.defaults.DefaultArgumentsDecorator object at 0xffff8cbe7640>)
[1.070s] Level 1:colcon.colcon_core.package_discovery:discover_packages(colcon_meta) check parameters
[1.070s] Level 1:colcon.colcon_core.package_discovery:discover_packages(recursive) check parameters
[1.071s] Level 1:colcon.colcon_core.package_discovery:discover_packages(ignore) check parameters
[1.071s] Level 1:colcon.colcon_core.package_discovery:discover_packages(path) check parameters
[1.071s] Level 1:colcon.colcon_core.package_discovery:discover_packages(colcon_meta) discover
[1.071s] Level 1:colcon.colcon_core.package_discovery:discover_packages(recursive) discover
[1.072s] INFO:colcon.colcon_core.package_discovery:Crawling recursively for packages in '/home/navq/ros2src/py_pysub'
[1.072s] Level 1:colcon.colcon_core.package_identification:_identify(.) by extensions ['ignore', 'ignore_ament_install']
[1.073s] Level 1:colcon.colcon_core.package_identification:_identify(.) by extension 'ignore'
[1.073s] Level 1:colcon.colcon_core.package_identification:_identify(.) by extension 'ignore_ament_install'
[1.073s] Level 1:colcon.colcon_core.package_identification:_identify(.) by extensions ['colcon_pkg']
[1.074s] Level 1:colcon.colcon_core.package_identification:_identify(.) by extension 'colcon_pkg'
[1.074s] Level 1:colcon.colcon_core.package_identification:_identify(.) by extensions ['colcon_meta']
[1.074s] Level 1:colcon.colcon_core.package_identification:_identify(.) by extension 'colcon_meta'
[1.074s] Level 1:colcon.colcon_core.package_identification:_identify(.) by extensions ['ros']
[1.074s] Level 1:colcon.colcon_core.package_identification:_identify(.) by extension 'ros'
[1.163s] DEBUG:colcon.colcon_core.package_identification:Package '.' with type 'ros.ament_python' and name 'py_pysub'
[1.163s] Level 1:colcon.colcon_core.package_discovery:discover_packages(recursive) using defaults
[1.164s] Level 1:colcon.colcon_core.package_discovery:discover_packages(ignore) discover
[1.164s] Level 1:colcon.colcon_core.package_discovery:discover_packages(ignore) using defaults
[1.164s] Level 1:colcon.colcon_core.package_discovery:discover_packages(path) discover
[1.164s] Level 1:colcon.colcon_core.package_discovery:discover_packages(path) using defaults
[1.287s] Level 5:colcon.colcon_core.verb:set package 'py_pysub' build argument 'cmake_args' from command line to 'None'
[1.287s] Level 5:colcon.colcon_core.verb:set package 'py_pysub' build argument 'cmake_target' from command line to 'None'
[1.288s] Level 5:colcon.colcon_core.verb:set package 'py_pysub' build argument 'cmake_target_skip_unavailable' from command line to 'False'
[1.288s] Level 5:colcon.colcon_core.verb:set package 'py_pysub' build argument 'cmake_clean_cache' from command line to 'False'
[1.288s] Level 5:colcon.colcon_core.verb:set package 'py_pysub' build argument 'cmake_clean_first' from command line to 'False'
[1.288s] Level 5:colcon.colcon_core.verb:set package 'py_pysub' build argument 'cmake_force_configure' from command line to 'False'
[1.288s] Level 5:colcon.colcon_core.verb:set package 'py_pysub' build argument 'ament_cmake_args' from command line to 'None'
[1.288s] Level 5:colcon.colcon_core.verb:set package 'py_pysub' build argument 'catkin_cmake_args' from command line to 'None'
[1.289s] Level 5:colcon.colcon_core.verb:set package 'py_pysub' build argument 'catkin_skip_building_tests' from command line to 'False'
[1.289s] DEBUG:colcon.colcon_core.verb:Building package 'py_pysub' with the following arguments: {'ament_cmake_args': None, 'build_base': '/home/navq/ros2src/py_pysub/build/py_pysub', 'catkin_cmake_args': None, 'catkin_skip_building_tests': False, 'cmake_args': None, 'cmake_clean_cache': False, 'cmake_clean_first': False, 'cmake_force_configure': False, 'cmake_target': None, 'cmake_target_skip_unavailable': False, 'install_base': '/home/navq/ros2src/py_pysub/install/py_pysub', 'merge_install': False, 'path': '/home/navq/ros2src/py_pysub', 'symlink_install': False, 'test_result_base': None}
[1.291s] INFO:colcon.colcon_core.executor:Executing jobs using 'parallel' executor
[1.301s] DEBUG:colcon.colcon_parallel_executor.executor.parallel:run_until_complete
[1.302s] INFO:colcon.colcon_ros.task.ament_python.build:Building ROS package in '/home/navq/ros2src/py_pysub' with build type 'ament_python'
[1.303s] Level 1:colcon.colcon_core.shell:create_environment_hook('py_pysub', 'ament_prefix_path')
[1.329s] INFO:colcon.colcon_core.plugin_system:Skipping extension 'colcon_core.shell.bat': Not used on non-Windows systems
[1.330s] INFO:colcon.colcon_core.shell:Creating environment hook '/home/navq/ros2src/py_pysub/install/py_pysub/share/py_pysub/hook/ament_prefix_path.ps1'
[1.335s] INFO:colcon.colcon_core.shell:Creating environment descriptor '/home/navq/ros2src/py_pysub/install/py_pysub/share/py_pysub/hook/ament_prefix_path.dsv'
[1.338s] INFO:colcon.colcon_core.shell:Creating environment hook '/home/navq/ros2src/py_pysub/install/py_pysub/share/py_pysub/hook/ament_prefix_path.sh'
[1.344s] INFO:colcon.colcon_core.shell:Skip shell extension 'powershell' for command environment: Not usable outside of PowerShell
[1.344s] DEBUG:colcon.colcon_core.shell:Skip shell extension 'dsv' for command environment
[1.361s] DEBUG:colcon.colcon_core.shell:Ignoring prefix path '/opt/ros/foxy'
[2.404s] INFO:colcon.colcon_core.task.python.build:Building Python package in '/home/navq/ros2src/py_pysub'
[2.408s] INFO:colcon.colcon_core.shell:Skip shell extension 'powershell' for command environment: Not usable outside of PowerShell
[2.408s] DEBUG:colcon.colcon_core.shell:Skip shell extension 'dsv' for command environment
[2.419s] DEBUG:colcon.colcon_core.shell:Ignoring prefix path '/opt/ros/foxy'
[2.443s] DEBUG:colcon.colcon_core.event_handler.log_command:Invoking command in '/home/navq/ros2src/py_pysub': PYTHONPATH=/home/navq/ros2src/py_pysub/install/py_pysub/lib/python3.8/site-packages:${PYTHONPATH} /usr/bin/python3 setup.py egg_info --egg-base build/py_pysub build --build-base /home/navq/ros2src/py_pysub/build/py_pysub/build install --prefix /home/navq/ros2src/py_pysub/install/py_pysub --record /home/navq/ros2src/py_pysub/build/py_pysub/install.log --single-version-externally-managed
[3.911s] DEBUG:colcon.colcon_core.event_handler.log_command:Invoked command in '/home/navq/ros2src/py_pysub' returned '0': PYTHONPATH=/home/navq/ros2src/py_pysub/install/py_pysub/lib/python3.8/site-packages:${PYTHONPATH} /usr/bin/python3 setup.py egg_info --egg-base build/py_pysub build --build-base /home/navq/ros2src/py_pysub/build/py_pysub/build install --prefix /home/navq/ros2src/py_pysub/install/py_pysub --record /home/navq/ros2src/py_pysub/build/py_pysub/install.log --single-version-externally-managed
[3.937s] Level 1:colcon.colcon_core.environment:checking '/home/navq/ros2src/py_pysub/install/py_pysub' for CMake module files
[3.939s] Level 1:colcon.colcon_core.environment:checking '/home/navq/ros2src/py_pysub/install/py_pysub' for CMake config files
[3.942s] Level 1:colcon.colcon_core.environment:checking '/home/navq/ros2src/py_pysub/install/py_pysub/lib'
[3.944s] Level 1:colcon.colcon_core.environment:checking '/home/navq/ros2src/py_pysub/install/py_pysub/bin'
[3.944s] Level 1:colcon.colcon_core.environment:checking '/home/navq/ros2src/py_pysub/install/py_pysub/lib/pkgconfig/py_pysub.pc'
[3.945s] Level 1:colcon.colcon_core.environment:checking '/home/navq/ros2src/py_pysub/install/py_pysub/lib/python3.8/site-packages'
[3.945s] Level 1:colcon.colcon_core.shell:create_environment_hook('py_pysub', 'pythonpath')
[3.948s] INFO:colcon.colcon_core.shell:Creating environment hook '/home/navq/ros2src/py_pysub/install/py_pysub/share/py_pysub/hook/pythonpath.ps1'
[3.950s] INFO:colcon.colcon_core.shell:Creating environment descriptor '/home/navq/ros2src/py_pysub/install/py_pysub/share/py_pysub/hook/pythonpath.dsv'
[3.952s] INFO:colcon.colcon_core.shell:Creating environment hook '/home/navq/ros2src/py_pysub/install/py_pysub/share/py_pysub/hook/pythonpath.sh'
[3.954s] Level 1:colcon.colcon_core.environment:create_environment_scripts_only(py_pysub)
[3.957s] INFO:colcon.colcon_core.shell:Creating package script '/home/navq/ros2src/py_pysub/install/py_pysub/share/py_pysub/package.ps1'
[3.963s] INFO:colcon.colcon_core.shell:Creating package descriptor '/home/navq/ros2src/py_pysub/install/py_pysub/share/py_pysub/package.dsv'
[3.967s] INFO:colcon.colcon_core.shell:Creating package script '/home/navq/ros2src/py_pysub/install/py_pysub/share/py_pysub/package.sh'
[3.972s] INFO:colcon.colcon_core.shell:Creating package script '/home/navq/ros2src/py_pysub/install/py_pysub/share/py_pysub/package.bash'
[3.977s] INFO:colcon.colcon_core.shell:Creating package script '/home/navq/ros2src/py_pysub/install/py_pysub/share/py_pysub/package.zsh'
[3.982s] Level 1:colcon.colcon_core.environment:create_file_with_runtime_dependencies(/home/navq/ros2src/py_pysub/install/py_pysub/share/colcon-core/packages/py_pysub)
[3.984s] DEBUG:colcon.colcon_parallel_executor.executor.parallel:closing loop
[3.985s] DEBUG:colcon.colcon_parallel_executor.executor.parallel:loop closed
[3.986s] DEBUG:colcon.colcon_parallel_executor.executor.parallel:run_until_complete finished with '0'
[3.986s] DEBUG:colcon.colcon_core.event_reactor:joining thread
[4.018s] INFO:colcon.colcon_core.plugin_system:Skipping extension 'colcon_notification.desktop_notification.notify_send': Could not find 'notify-send'
[4.019s] INFO:colcon.colcon_core.plugin_system:Skipping extension 'colcon_notification.desktop_notification.terminal_notifier': Not used on non-Darwin systems
[4.019s] INFO:colcon.colcon_core.plugin_system:Skipping extension 'colcon_notification.desktop_notification.win32': Not used on non-Windows systems
[4.019s] INFO:colcon.colcon_notification.desktop_notification:Sending desktop notification using 'notify2'
[4.022s] DEBUG:colcon.colcon_notification.desktop_notification.notify2:Failed to initialize notify2: org.freedesktop.DBus.Error.ServiceUnknown: The name org.freedesktop.Notifications was not provided by any .service files
[4.022s] DEBUG:colcon.colcon_core.event_reactor:joined thread
[4.025s] INFO:colcon.colcon_core.shell:Creating prefix script '/home/navq/ros2src/py_pysub/install/local_setup.ps1'
[4.031s] INFO:colcon.colcon_core.shell:Creating prefix util module '/home/navq/ros2src/py_pysub/install/_local_setup_util_ps1.py'
[4.039s] INFO:colcon.colcon_core.shell:Creating prefix chain script '/home/navq/ros2src/py_pysub/install/setup.ps1'
[4.051s] INFO:colcon.colcon_core.shell:Creating prefix script '/home/navq/ros2src/py_pysub/install/local_setup.sh'
[4.055s] INFO:colcon.colcon_core.shell:Creating prefix util module '/home/navq/ros2src/py_pysub/install/_local_setup_util_sh.py'
[4.057s] INFO:colcon.colcon_core.shell:Creating prefix chain script '/home/navq/ros2src/py_pysub/install/setup.sh'
[4.070s] INFO:colcon.colcon_core.shell:Creating prefix script '/home/navq/ros2src/py_pysub/install/local_setup.bash'
[4.073s] INFO:colcon.colcon_core.shell:Creating prefix chain script '/home/navq/ros2src/py_pysub/install/setup.bash'
[4.086s] INFO:colcon.colcon_core.shell:Creating prefix script '/home/navq/ros2src/py_pysub/install/local_setup.zsh'
[4.090s] INFO:colcon.colcon_core.shell:Creating prefix chain script '/home/navq/ros2src/py_pysub/install/setup.zsh'
