[1.139s] Invoking command in '/home/navq/ros2src/py_pysub': PYTHONPATH=/home/navq/ros2src/py_pysub/install/py_pysub/lib/python3.8/site-packages:${PYTHONPATH} /usr/bin/python3 setup.py egg_info --egg-base build/py_pysub build --build-base /home/navq/ros2src/py_pysub/build/py_pysub/build install --prefix /home/navq/ros2src/py_pysub/install/py_pysub --record /home/navq/ros2src/py_pysub/build/py_pysub/install.log --single-version-externally-managed
[2.073s] running egg_info
[2.076s] writing build/py_pysub/py_pysub.egg-info/PKG-INFO
[2.077s] writing dependency_links to build/py_pysub/py_pysub.egg-info/dependency_links.txt
[2.078s] writing entry points to build/py_pysub/py_pysub.egg-info/entry_points.txt
[2.079s] writing requirements to build/py_pysub/py_pysub.egg-info/requires.txt
[2.080s] writing top-level names to build/py_pysub/py_pysub.egg-info/top_level.txt
[2.278s] reading manifest file 'build/py_pysub/py_pysub.egg-info/SOURCES.txt'
[2.283s] writing manifest file 'build/py_pysub/py_pysub.egg-info/SOURCES.txt'
[2.284s] running build
[2.285s] running build_py
[2.286s] copying py_pysub/publisher_member_function.py -> /home/navq/ros2src/py_pysub/build/py_pysub/build/lib/py_pysub
[2.286s] running install
[2.291s] running install_lib
[2.296s] copying /home/navq/ros2src/py_pysub/build/py_pysub/build/lib/py_pysub/publisher_member_function.py -> /home/navq/ros2src/py_pysub/install/py_pysub/lib/python3.8/site-packages/py_pysub
[2.299s] byte-compiling /home/navq/ros2src/py_pysub/install/py_pysub/lib/python3.8/site-packages/py_pysub/publisher_member_function.py to publisher_member_function.cpython-38.pyc
[2.307s] running install_data
[2.309s] running install_egg_info
[2.317s] removing '/home/navq/ros2src/py_pysub/install/py_pysub/lib/python3.8/site-packages/py_pysub-0.0.0-py3.8.egg-info' (and everything under it)
[2.318s] Copying build/py_pysub/py_pysub.egg-info to /home/navq/ros2src/py_pysub/install/py_pysub/lib/python3.8/site-packages/py_pysub-0.0.0-py3.8.egg-info
[2.323s] running install_scripts
[2.417s] Installing talker script to /home/navq/ros2src/py_pysub/install/py_pysub/lib/py_pysub
[2.419s] writing list of installed files to '/home/navq/ros2src/py_pysub/build/py_pysub/install.log'
[2.577s] Invoked command in '/home/navq/ros2src/py_pysub' returned '0': PYTHONPATH=/home/navq/ros2src/py_pysub/install/py_pysub/lib/python3.8/site-packages:${PYTHONPATH} /usr/bin/python3 setup.py egg_info --egg-base build/py_pysub build --build-base /home/navq/ros2src/py_pysub/build/py_pysub/build install --prefix /home/navq/ros2src/py_pysub/install/py_pysub --record /home/navq/ros2src/py_pysub/build/py_pysub/install.log --single-version-externally-managed
