[0.000000] (-) TimerEvent: {}
[0.001486] (py_pysub) JobQueued: {'identifier': 'py_pysub', 'dependencies': OrderedDict()}
[0.003002] (py_pysub) JobStarted: {'identifier': 'py_pysub'}
[0.098789] (-) TimerEvent: {}
[0.199885] (-) TimerEvent: {}
[0.300816] (-) TimerEvent: {}
[0.401743] (-) TimerEvent: {}
[0.502666] (-) TimerEvent: {}
[0.603570] (-) TimerEvent: {}
[0.704451] (-) TimerEvent: {}
[0.805326] (-) TimerEvent: {}
[0.906222] (-) TimerEvent: {}
[1.007209] (-) TimerEvent: {}
[1.108840] (-) TimerEvent: {}
[1.111963] (py_pysub) Command: {'cmd': ['/usr/bin/python3', 'setup.py', 'egg_info', '--egg-base', 'build/py_pysub', 'build', '--build-base', '/home/navq/ros2src/py_pysub/build/py_pysub/build', 'install', '--prefix', '/home/navq/ros2src/py_pysub/install/py_pysub', '--record', '/home/navq/ros2src/py_pysub/build/py_pysub/install.log', '--single-version-externally-managed'], 'cwd': '/home/navq/ros2src/py_pysub', 'env': {'USER': 'navq', 'SSH_CLIENT': '192.168.0.212 57788 22', 'XDG_SESSION_TYPE': 'tty', 'SHLVL': '1', 'LD_LIBRARY_PATH': '/home/navq/px4_ros_com_ros2/install/px4_ros_com/lib:/home/navq/px4_ros_com_ros2/install/px4_msgs/lib:/opt/ros/foxy/opt/yaml_cpp_vendor/lib:/opt/ros/foxy/lib/aarch64-linux-gnu:/opt/ros/foxy/lib', 'MOTD_SHOWN': 'pam', 'HOME': '/home/navq', 'OLDPWD': '/home/navq/ros2src', 'SSH_TTY': '/dev/pts/0', 'ROS_PYTHON_VERSION': '3', 'DBUS_SESSION_BUS_ADDRESS': 'unix:path=/run/user/1000/bus', 'COLCON_PREFIX_PATH': '/home/navq/px4_ros_com_ros2/install', 'ROS_DISTRO': 'foxy', 'LOGNAME': 'navq', '_': '/usr/bin/colcon', 'ROS_VERSION': '2', 'XDG_SESSION_CLASS': 'user', 'TERM': 'xterm-256color', 'XDG_SESSION_ID': '3', 'ROS_LOCALHOST_ONLY': '0', 'PATH': '/home/navq/px4_ros_com_ros2/install/px4_ros_com/bin:/opt/ros/foxy/bin:/usr/local/sbin:/usr/local/bin:/usr/sbin:/usr/bin:/sbin:/bin:/usr/games:/usr/local/games', 'XDG_RUNTIME_DIR': '/run/user/1000', 'LANG': 'C.UTF-8', 'AMENT_PREFIX_PATH': '/home/navq/px4_ros_com_ros2/install/px4_ros_com:/home/navq/px4_ros_com_ros2/install/px4_msgs:/opt/ros/foxy', 'SHELL': '/bin/bash', 'PWD': '/home/navq/ros2src/py_pysub/build/py_pysub', 'SSH_CONNECTION': '192.168.0.212 57788 192.168.0.90 22', 'PYTHONPATH': '/home/navq/ros2src/py_pysub/install/py_pysub/lib/python3.8/site-packages:/home/navq/px4_ros_com_ros2/install/px4_msgs/lib/python3.8/site-packages:/opt/ros/foxy/lib/python3.8/site-packages', 'COLCON': '1', 'CMAKE_PREFIX_PATH': '/home/navq/px4_ros_com_ros2/install/px4_ros_com:/home/navq/px4_ros_com_ros2/install/px4_msgs'}, 'shell': False}
[1.209131] (-) TimerEvent: {}
[1.310205] (-) TimerEvent: {}
[1.411188] (-) TimerEvent: {}
[1.512152] (-) TimerEvent: {}
[1.613072] (-) TimerEvent: {}
[1.713983] (-) TimerEvent: {}
[1.814859] (-) TimerEvent: {}
[1.915731] (-) TimerEvent: {}
[2.016613] (-) TimerEvent: {}
[2.064550] (py_pysub) StdoutLine: {'line': b'running egg_info\n'}
[2.067806] (py_pysub) StdoutLine: {'line': b'writing build/py_pysub/py_pysub.egg-info/PKG-INFO\n'}
[2.069276] (py_pysub) StdoutLine: {'line': b'writing dependency_links to build/py_pysub/py_pysub.egg-info/dependency_links.txt\n'}
[2.070284] (py_pysub) StdoutLine: {'line': b'writing entry points to build/py_pysub/py_pysub.egg-info/entry_points.txt\n'}
[2.071265] (py_pysub) StdoutLine: {'line': b'writing requirements to build/py_pysub/py_pysub.egg-info/requires.txt\n'}
[2.072423] (py_pysub) StdoutLine: {'line': b'writing top-level names to build/py_pysub/py_pysub.egg-info/top_level.txt\n'}
[2.116797] (-) TimerEvent: {}
[2.217653] (-) TimerEvent: {}
[2.270485] (py_pysub) StdoutLine: {'line': b"reading manifest file 'build/py_pysub/py_pysub.egg-info/SOURCES.txt'\n"}
[2.275284] (py_pysub) StdoutLine: {'line': b"writing manifest file 'build/py_pysub/py_pysub.egg-info/SOURCES.txt'\n"}
[2.276354] (py_pysub) StdoutLine: {'line': b'running build\n'}
[2.277033] (py_pysub) StdoutLine: {'line': b'running build_py\n'}
[2.277890] (py_pysub) StdoutLine: {'line': b'copying py_pysub/publisher_member_function.py -> /home/navq/ros2src/py_pysub/build/py_pysub/build/lib/py_pysub\n'}
[2.278636] (py_pysub) StdoutLine: {'line': b'running install\n'}
[2.282609] (py_pysub) StdoutLine: {'line': b'running install_lib\n'}
[2.287656] (py_pysub) StdoutLine: {'line': b'copying /home/navq/ros2src/py_pysub/build/py_pysub/build/lib/py_pysub/publisher_member_function.py -> /home/navq/ros2src/py_pysub/install/py_pysub/lib/python3.8/site-packages/py_pysub\n'}
[2.290383] (py_pysub) StdoutLine: {'line': b'byte-compiling /home/navq/ros2src/py_pysub/install/py_pysub/lib/python3.8/site-packages/py_pysub/publisher_member_function.py to publisher_member_function.cpython-38.pyc\n'}
[2.298324] (py_pysub) StdoutLine: {'line': b'running install_data\n'}
[2.300693] (py_pysub) StdoutLine: {'line': b'running install_egg_info\n'}
[2.308515] (py_pysub) StdoutLine: {'line': b"removing '/home/navq/ros2src/py_pysub/install/py_pysub/lib/python3.8/site-packages/py_pysub-0.0.0-py3.8.egg-info' (and everything under it)\n"}
[2.309962] (py_pysub) StdoutLine: {'line': b'Copying build/py_pysub/py_pysub.egg-info to /home/navq/ros2src/py_pysub/install/py_pysub/lib/python3.8/site-packages/py_pysub-0.0.0-py3.8.egg-info\n'}
[2.314458] (py_pysub) StdoutLine: {'line': b'running install_scripts\n'}
[2.317877] (-) TimerEvent: {}
[2.408154] (py_pysub) StdoutLine: {'line': b"writing list of installed files to '/home/navq/ros2src/py_pysub/build/py_pysub/install.log'\n"}
[2.418094] (-) TimerEvent: {}
[2.519094] (-) TimerEvent: {}
[2.565484] (py_pysub) CommandEnded: {'returncode': 0}
[2.619281] (-) TimerEvent: {}
[2.630415] (py_pysub) JobEnded: {'identifier': 'py_pysub', 'rc': 0}
[2.634772] (-) EventReactorShutdown: {}
